<?xml version="1.0" encoding="UTF-8"?>
<!-- Generated by org.testng.reporters.JUnitReportReporter -->
<testsuite hostname="AnkitGautam" failures="0" tests="2" name="rahulshettyacademy.tests.ErrorValidationsTest" time="9.861" errors="0" timestamp="2025-03-31T08:10:22 IST" skipped="0">
  <testcase classname="rahulshettyacademy.tests.ErrorValidationsTest" name="productErrorValidation" time="4.620"/>
  <testcase classname="rahulshettyacademy.tests.ErrorValidationsTest" name="loginErrorValidation" time="5.241"/>
</testsuite> <!-- rahulshettyacademy.tests.ErrorValidationsTest -->
