<?xml version="1.0" encoding="UTF-8"?>
<!-- Generated by org.testng.reporters.JUnitReportReporter -->
<testsuite hostname="AnkitGautam" failures="0" tests="2" name="rahulshettyacademy.tests.ErrorValidations" time="7.673" errors="0" timestamp="2025-03-29T15:22:22 IST" skipped="0">
  <testcase classname="rahulshettyacademy.tests.ErrorValidations" name="loginErrorValidation" time="2.828"/>
  <testcase classname="rahulshettyacademy.tests.ErrorValidations" name="productErrorValidation" time="4.845"/>
</testsuite> <!-- rahulshettyacademy.tests.ErrorValidations -->
