<?xml version="1.0" encoding="UTF-8"?>
<!-- Generated by org.testng.reporters.JUnitReportReporter -->
<testsuite hostname="AnkitGautam" failures="0" tests="1" name="cucumber.TestNGTestRunner" time="5.277" errors="0" timestamp="2025-04-01T15:45:23 IST" skipped="0">
  <testcase classname="cucumber.TestNGTestRunner" name="runScenario" time="5.277"/>
</testsuite> <!-- cucumber.TestNGTestRunner -->
