<?xml version="1.0" encoding="UTF-8"?>
<!-- Generated by org.testng.reporters.JUnitReportReporter -->
<testsuite hostname="AnkitGautam" failures="0" tests="3" name="rahulshettyacademy.tests.SubmitOrderTest" time="18.357" errors="0" timestamp="2025-03-31T08:10:22 IST" skipped="0">
  <testcase classname="rahulshettyacademy.tests.SubmitOrderTest" name="submitOrder" time="6.250"/>
  <testcase classname="rahulshettyacademy.tests.SubmitOrderTest" name="submitOrder" time="7.967"/>
  <testcase classname="rahulshettyacademy.tests.SubmitOrderTest" name="OrderHistroyTest" time="4.140"/>
</testsuite> <!-- rahulshettyacademy.tests.SubmitOrderTest -->
