<?xml version="1.0" encoding="UTF-8"?>
<!-- Generated by org.testng.reporters.JUnitReportReporter -->
<testsuite hostname="AnkitGautam" failures="0" tests="2" name="rahulshettyacademy.tests.ErrorValidationsTest" time="10.123" errors="0" timestamp="2025-03-30T15:51:58 IST" skipped="0">
  <testcase classname="rahulshettyacademy.tests.ErrorValidationsTest" name="productErrorValidation" time="5.934"/>
  <testcase classname="rahulshettyacademy.tests.ErrorValidationsTest" name="loginErrorValidation" time="4.189"/>
</testsuite> <!-- rahulshettyacademy.tests.ErrorValidationsTest -->
