<?xml version="1.0" encoding="UTF-8"?>
<!-- Generated by org.testng.reporters.JUnitReportReporter -->
<testsuite hostname="AnkitGautam" failures="0" tests="3" name="rahulshettyacademy.tests.SubmitOrderTest" time="18.746" errors="0" timestamp="2025-03-30T15:51:58 IST" skipped="0">
  <testcase classname="rahulshettyacademy.tests.SubmitOrderTest" name="submitOrder" time="7.096"/>
  <testcase classname="rahulshettyacademy.tests.SubmitOrderTest" name="submitOrder" time="7.316"/>
  <testcase classname="rahulshettyacademy.tests.SubmitOrderTest" name="OrderHistroyTest" time="4.334"/>
</testsuite> <!-- rahulshettyacademy.tests.SubmitOrderTest -->
